Build started 27/11/2014 23:42:55.
     1>Project "C:\Users\Theofano\Documents\GitHub\Arxitektoniki\ConsoleApplication3\ConsoleApplication3\ConsoleApplication3.vcxproj" on node 2 (Build target(s)).
     1>ClCompile:
         C:\Program Files (x86)\Microsoft Visual Studio 11.0\VC\bin\CL.exe /c /ZI /nologo /W3 /WX- /Od /Oy- /D WIN32 /D _DEBUG /D _CONSOLE /D _UNICODE /D UNICODE /Gm /EHsc /RTC1 /MDd /GS /fp:precise /Zc:wchar_t /Zc:forScope /Fo"Debug\\" /Fd"Debug\vc110.pdb" /Gd /TC /analyze- /errorReport:prompt Source.cpp
         Source.cpp
     1>c:\users\theofano\documents\github\arxitektoniki\consoleapplication3\consoleapplication3\source.cpp(22): warning C4996: 'fopen': This function or variable may be unsafe. Consider using fopen_s instead. To disable deprecation, use _CRT_SECURE_NO_WARNINGS. See online help for details.
                 c:\program files (x86)\microsoft visual studio 11.0\vc\include\stdio.h(218) : see declaration of 'fopen'
     1>c:\users\theofano\documents\github\arxitektoniki\consoleapplication3\consoleapplication3\source.cpp(25): warning C4996: 'scanf': This function or variable may be unsafe. Consider using scanf_s instead. To disable deprecation, use _CRT_SECURE_NO_WARNINGS. See online help for details.
                 c:\program files (x86)\microsoft visual studio 11.0\vc\include\stdio.h(290) : see declaration of 'scanf'
     1>c:\users\theofano\documents\github\arxitektoniki\consoleapplication3\consoleapplication3\source.cpp(31): warning C4996: 'fopen': This function or variable may be unsafe. Consider using fopen_s instead. To disable deprecation, use _CRT_SECURE_NO_WARNINGS. See online help for details.
                 c:\program files (x86)\microsoft visual studio 11.0\vc\include\stdio.h(218) : see declaration of 'fopen'
     1>c:\users\theofano\documents\github\arxitektoniki\consoleapplication3\consoleapplication3\source.cpp(32): warning C4996: 'fopen': This function or variable may be unsafe. Consider using fopen_s instead. To disable deprecation, use _CRT_SECURE_NO_WARNINGS. See online help for details.
                 c:\program files (x86)\microsoft visual studio 11.0\vc\include\stdio.h(218) : see declaration of 'fopen'
     1>c:\users\theofano\documents\github\arxitektoniki\consoleapplication3\consoleapplication3\source.cpp(33): warning C4996: 'fopen': This function or variable may be unsafe. Consider using fopen_s instead. To disable deprecation, use _CRT_SECURE_NO_WARNINGS. See online help for details.
                 c:\program files (x86)\microsoft visual studio 11.0\vc\include\stdio.h(218) : see declaration of 'fopen'
     1>c:\users\theofano\documents\github\arxitektoniki\consoleapplication3\consoleapplication3\source.cpp(34): warning C4996: 'fopen': This function or variable may be unsafe. Consider using fopen_s instead. To disable deprecation, use _CRT_SECURE_NO_WARNINGS. See online help for details.
                 c:\program files (x86)\microsoft visual studio 11.0\vc\include\stdio.h(218) : see declaration of 'fopen'
     1>c:\users\theofano\documents\github\arxitektoniki\consoleapplication3\consoleapplication3\source.cpp(38): warning C4996: 'fopen': This function or variable may be unsafe. Consider using fopen_s instead. To disable deprecation, use _CRT_SECURE_NO_WARNINGS. See online help for details.
                 c:\program files (x86)\microsoft visual studio 11.0\vc\include\stdio.h(218) : see declaration of 'fopen'
     1>c:\users\theofano\documents\github\arxitektoniki\consoleapplication3\consoleapplication3\source.cpp(1089): warning C4996: 'fopen': This function or variable may be unsafe. Consider using fopen_s instead. To disable deprecation, use _CRT_SECURE_NO_WARNINGS. See online help for details.
                 c:\program files (x86)\microsoft visual studio 11.0\vc\include\stdio.h(218) : see declaration of 'fopen'
     1>c:\users\theofano\documents\github\arxitektoniki\consoleapplication3\consoleapplication3\source.cpp(90): warning C4101: 'apot' : unreferenced local variable
     1>c:\users\theofano\documents\github\arxitektoniki\consoleapplication3\consoleapplication3\source.cpp(109): warning C4101: 'prov' : unreferenced local variable
     1>c:\users\theofano\documents\github\arxitektoniki\consoleapplication3\consoleapplication3\source.cpp(1394): warning C4715: 'leitourgia' : not all control paths return a value
       Link:
         C:\Program Files (x86)\Microsoft Visual Studio 11.0\VC\bin\link.exe /ERRORREPORT:PROMPT /OUT:"C:\Users\Theofano\Documents\GitHub\Arxitektoniki\ConsoleApplication3\Debug\ConsoleApplication3.exe" /INCREMENTAL /NOLOGO kernel32.lib user32.lib gdi32.lib winspool.lib comdlg32.lib advapi32.lib shell32.lib ole32.lib oleaut32.lib uuid.lib odbc32.lib odbccp32.lib /MANIFEST /MANIFESTUAC:"level='asInvoker' uiAccess='false'" /manifest:embed /DEBUG /PDB:"C:\Users\Theofano\Documents\GitHub\Arxitektoniki\ConsoleApplication3\Debug\ConsoleApplication3.pdb" /SUBSYSTEM:CONSOLE /TLBID:1 /DYNAMICBASE /NXCOMPAT /IMPLIB:"C:\Users\Theofano\Documents\GitHub\Arxitektoniki\ConsoleApplication3\Debug\ConsoleApplication3.lib" /MACHINE:X86 Debug\Source.obj
         ConsoleApplication3.vcxproj -> C:\Users\Theofano\Documents\GitHub\Arxitektoniki\ConsoleApplication3\Debug\ConsoleApplication3.exe
     1>Done Building Project "C:\Users\Theofano\Documents\GitHub\Arxitektoniki\ConsoleApplication3\ConsoleApplication3\ConsoleApplication3.vcxproj" (Build target(s)).

Build succeeded.

Time Elapsed 00:00:00.76
