Build started 30/11/2014 15:22:21.
     1>Project "C:\Users\Theofano\Documents\GitHub\Arxitektoniki\ConsoleApplication1\ConsoleApplication1\ConsoleApplication1.vcxproj" on node 2 (Build target(s)).
     1>ClCompile:
         C:\Program Files (x86)\Microsoft Visual Studio 11.0\VC\bin\CL.exe /c /ZI /nologo /W3 /WX- /Od /Oy- /D WIN32 /D _DEBUG /D _CONSOLE /D _UNICODE /D UNICODE /Gm /EHsc /RTC1 /MDd /GS /fp:precise /Zc:wchar_t /Zc:forScope /Fo"Debug\\" /Fd"Debug\vc110.pdb" /Gd /TC /analyze- /errorReport:prompt Source.cpp
         Source.cpp
     1>c:\users\theofano\documents\github\arxitektoniki\consoleapplication1\consoleapplication1\source.cpp(34): warning C4996: 'fopen': This function or variable may be unsafe. Consider using fopen_s instead. To disable deprecation, use _CRT_SECURE_NO_WARNINGS. See online help for details.
                 c:\program files (x86)\microsoft visual studio 11.0\vc\include\stdio.h(218) : see declaration of 'fopen'
     1>c:\users\theofano\documents\github\arxitektoniki\consoleapplication1\consoleapplication1\source.cpp(37): warning C4996: 'scanf': This function or variable may be unsafe. Consider using scanf_s instead. To disable deprecation, use _CRT_SECURE_NO_WARNINGS. See online help for details.
                 c:\program files (x86)\microsoft visual studio 11.0\vc\include\stdio.h(290) : see declaration of 'scanf'
     1>c:\users\theofano\documents\github\arxitektoniki\consoleapplication1\consoleapplication1\source.cpp(44): warning C4996: 'fopen': This function or variable may be unsafe. Consider using fopen_s instead. To disable deprecation, use _CRT_SECURE_NO_WARNINGS. See online help for details.
                 c:\program files (x86)\microsoft visual studio 11.0\vc\include\stdio.h(218) : see declaration of 'fopen'
     1>c:\users\theofano\documents\github\arxitektoniki\consoleapplication1\consoleapplication1\source.cpp(45): warning C4996: 'fopen': This function or variable may be unsafe. Consider using fopen_s instead. To disable deprecation, use _CRT_SECURE_NO_WARNINGS. See online help for details.
                 c:\program files (x86)\microsoft visual studio 11.0\vc\include\stdio.h(218) : see declaration of 'fopen'
     1>c:\users\theofano\documents\github\arxitektoniki\consoleapplication1\consoleapplication1\source.cpp(46): warning C4996: 'fopen': This function or variable may be unsafe. Consider using fopen_s instead. To disable deprecation, use _CRT_SECURE_NO_WARNINGS. See online help for details.
                 c:\program files (x86)\microsoft visual studio 11.0\vc\include\stdio.h(218) : see declaration of 'fopen'
     1>c:\users\theofano\documents\github\arxitektoniki\consoleapplication1\consoleapplication1\source.cpp(47): warning C4996: 'fopen': This function or variable may be unsafe. Consider using fopen_s instead. To disable deprecation, use _CRT_SECURE_NO_WARNINGS. See online help for details.
                 c:\program files (x86)\microsoft visual studio 11.0\vc\include\stdio.h(218) : see declaration of 'fopen'
     1>c:\users\theofano\documents\github\arxitektoniki\consoleapplication1\consoleapplication1\source.cpp(51): warning C4996: 'fopen': This function or variable may be unsafe. Consider using fopen_s instead. To disable deprecation, use _CRT_SECURE_NO_WARNINGS. See online help for details.
                 c:\program files (x86)\microsoft visual studio 11.0\vc\include\stdio.h(218) : see declaration of 'fopen'
     1>c:\users\theofano\documents\github\arxitektoniki\consoleapplication1\consoleapplication1\source.cpp(364): warning C4996: 'fopen': This function or variable may be unsafe. Consider using fopen_s instead. To disable deprecation, use _CRT_SECURE_NO_WARNINGS. See online help for details.
                 c:\program files (x86)\microsoft visual studio 11.0\vc\include\stdio.h(218) : see declaration of 'fopen'
     1>c:\users\theofano\documents\github\arxitektoniki\consoleapplication1\consoleapplication1\source.cpp(144): warning C4101: 'apot' : unreferenced local variable
     1>c:\users\theofano\documents\github\arxitektoniki\consoleapplication1\consoleapplication1\source.cpp(163): warning C4101: 'prov' : unreferenced local variable
     1>c:\users\theofano\documents\github\arxitektoniki\consoleapplication1\consoleapplication1\source.cpp(502): warning C4716: 'bit1fun' : must return a value
     1>c:\users\theofano\documents\github\arxitektoniki\consoleapplication1\consoleapplication1\source.cpp(61): warning C4700: uninitialized local variable 'upd2' used
     1>c:\users\theofano\documents\github\arxitektoniki\consoleapplication1\consoleapplication1\source.cpp(61): warning C4700: uninitialized local variable 'upd1' used
     1>c:\users\theofano\documents\github\arxitektoniki\consoleapplication1\consoleapplication1\source.cpp(721): warning C4716: 'bit2fun' : must return a value
     1>c:\users\theofano\documents\github\arxitektoniki\consoleapplication1\consoleapplication1\source.cpp(330): warning C4700: uninitialized local variable 'hm' used
     1>c:\users\theofano\documents\github\arxitektoniki\consoleapplication1\consoleapplication1\source.cpp(334): warning C4700: uninitialized local variable 'h_m' used
     1>c:\users\theofano\documents\github\arxitektoniki\consoleapplication1\consoleapplication1\source.cpp(367): warning C4700: uninitialized local variable 'now' used
     1>c:\users\theofano\documents\github\arxitektoniki\consoleapplication1\consoleapplication1\source.cpp(367): warning C4700: uninitialized local variable 'pred' used
     1>c:\users\theofano\documents\github\arxitektoniki\consoleapplication1\consoleapplication1\source.cpp(367): warning C4700: uninitialized local variable 'pred2' used
     1>c:\users\theofano\documents\github\arxitektoniki\consoleapplication1\consoleapplication1\source.cpp(367): warning C4700: uninitialized local variable 'pred1' used
     1>c:\users\theofano\documents\github\arxitektoniki\consoleapplication1\consoleapplication1\source.cpp(367): warning C4700: uninitialized local variable 'real' used
     1>c:\users\theofano\documents\github\arxitektoniki\consoleapplication1\consoleapplication1\source.cpp(1003): warning C4716: 'corfun' : must return a value
       Link:
         C:\Program Files (x86)\Microsoft Visual Studio 11.0\VC\bin\link.exe /ERRORREPORT:PROMPT /OUT:"C:\Users\Theofano\Documents\GitHub\Arxitektoniki\ConsoleApplication1\Debug\ConsoleApplication1.exe" /INCREMENTAL /NOLOGO kernel32.lib user32.lib gdi32.lib winspool.lib comdlg32.lib advapi32.lib shell32.lib ole32.lib oleaut32.lib uuid.lib odbc32.lib odbccp32.lib /MANIFEST /MANIFESTUAC:"level='asInvoker' uiAccess='false'" /manifest:embed /DEBUG /PDB:"C:\Users\Theofano\Documents\GitHub\Arxitektoniki\ConsoleApplication1\Debug\ConsoleApplication1.pdb" /SUBSYSTEM:CONSOLE /TLBID:1 /DYNAMICBASE /NXCOMPAT /IMPLIB:"C:\Users\Theofano\Documents\GitHub\Arxitektoniki\ConsoleApplication1\Debug\ConsoleApplication1.lib" /MACHINE:X86 Debug\Source.obj
         ConsoleApplication1.vcxproj -> C:\Users\Theofano\Documents\GitHub\Arxitektoniki\ConsoleApplication1\Debug\ConsoleApplication1.exe
     1>Done Building Project "C:\Users\Theofano\Documents\GitHub\Arxitektoniki\ConsoleApplication1\ConsoleApplication1\ConsoleApplication1.vcxproj" (Build target(s)).

Build succeeded.

Time Elapsed 00:00:00.51
